c:\users\minaa\documents\project\directory\wrpmedicalimageio\x64\release\vc120.pdb
d:\workspace\directory\wrpmedicalimageio\x64\release\wrpmedicalimageio.pch
d:\workspace\directory\wrpmedicalimageio\x64\release\vc120.pdb
d:\workspace\directory\wrpmedicalimageio\x64\release\stdafx.obj
d:\workspace\directory\wrpmedicalimageio\x64\release\wrpmedicalimageio.obj
d:\workspace\directory\wrpmedicalimageio\x64\release\medicalimage.obj
d:\workspace\directory\wrpmedicalimageio\x64\release\assemblyinfo.obj
d:\workspace\directory\wrpmedicalimageio\x64\release\.netframework,version=v4.5.assemblyattributes.obj
c:\users\minaa\documents\project\directory\build\x64\release\wrpmedicalimageio.dll
c:\users\minaa\documents\project\directory\build\x64\release\wrpmedicalimageio.pdb
d:\workspace\directory\build\x64\release\wrpmedicalimageio.dll
d:\workspace\directory\build\x64\release\wrpmedicalimageio.pdb
d:\workspace\directory\wrpmedicalimageio\x64\release\app.res
c:\users\minaa\documents\project\directory\build\x64\release\wrpmedicalimageio.lib
c:\users\minaa\documents\project\directory\build\x64\release\wrpmedicalimageio.exp
d:\workspace\directory\build\x64\release\wrpmedicalimageio.lib
d:\workspace\directory\build\x64\release\wrpmedicalimageio.exp
d:\workspace\directory\wrpmedicalimageio\x64\release\wrpmedicalimageio.vcxprojresolveassemblyreference.cache
d:\workspace\directory\wrpmedicalimageio\x64\release\wrpmedic.0d8fd9ac.tlog\cl.command.1.tlog
d:\workspace\directory\wrpmedicalimageio\x64\release\wrpmedic.0d8fd9ac.tlog\cl.read.1.tlog
d:\workspace\directory\wrpmedicalimageio\x64\release\wrpmedic.0d8fd9ac.tlog\cl.write.1.tlog
d:\workspace\directory\wrpmedicalimageio\x64\release\wrpmedic.0d8fd9ac.tlog\link.command.1.tlog
d:\workspace\directory\wrpmedicalimageio\x64\release\wrpmedic.0d8fd9ac.tlog\link.read.1.tlog
d:\workspace\directory\wrpmedicalimageio\x64\release\wrpmedic.0d8fd9ac.tlog\link.write.1.tlog
d:\workspace\directory\wrpmedicalimageio\x64\release\wrpmedic.0d8fd9ac.tlog\metagen.read.1.tlog
d:\workspace\directory\wrpmedicalimageio\x64\release\wrpmedic.0d8fd9ac.tlog\metagen.write.1.tlog
d:\workspace\directory\wrpmedicalimageio\x64\release\wrpmedic.0d8fd9ac.tlog\rc.command.1.tlog
d:\workspace\directory\wrpmedicalimageio\x64\release\wrpmedic.0d8fd9ac.tlog\rc.read.1.tlog
d:\workspace\directory\wrpmedicalimageio\x64\release\wrpmedic.0d8fd9ac.tlog\rc.write.1.tlog
d:\workspace\directory\wrpmedicalimageio\x64\release\wrpmedic.0d8fd9ac.tlog\wrpmedicalimageio.write.1u.tlog
d:\workspace\directory\wrpmedicalimageio\x64\release\wrpmedic.0d8fd9ac.tlog\rsaenh.dll.bi
d:\workspace\directory\wrpmedicalimageio\x64\release\wrpmedic.0d8fd9ac.tlog\tzres.dll.bi
