y:\phd-research\code\20.07.217\wrpmedicalimageio\x64\debug\stdafx.obj
y:\phd-research\code\20.07.217\wrpmedicalimageio\x64\debug\vc120.pdb
y:\phd-research\code\20.07.217\wrpmedicalimageio\x64\debug\wrpmedicalimageio.obj
y:\phd-research\code\20.07.217\wrpmedicalimageio\x64\debug\medicalimage.obj
y:\phd-research\code\20.07.217\wrpmedicalimageio\x64\debug\assemblyinfo.obj
y:\phd-research\code\brats\20.07.217\wrpmedicalimageio\x64\debug\wrpmedicalimageio.pch
y:\phd-research\code\brats\20.07.217\wrpmedicalimageio\x64\debug\vc120.pdb
y:\phd-research\code\brats\20.07.217\wrpmedicalimageio\x64\debug\stdafx.obj
y:\phd-research\code\brats\20.07.217\wrpmedicalimageio\x64\debug\wrpmedicalimageio.obj
y:\phd-research\code\brats\20.07.217\wrpmedicalimageio\x64\debug\medicalimage.obj
y:\phd-research\code\brats\20.07.217\wrpmedicalimageio\x64\debug\assemblyinfo.obj
y:\phd-research\code\brats\20.07.217\wrpmedicalimageio\x64\debug\.netframework,version=v4.5.assemblyattributes.obj
y:\phd-research\code\20.07.217\build\x64\debug\wrpmedicalimageio.dll
y:\phd-research\code\20.07.217\build\x64\debug\wrpmedicalimageio.pdb
y:\phd-research\code\brats\20.07.217\build\x64\debug\wrpmedicalimageio.dll
y:\phd-research\code\brats\20.07.217\build\x64\debug\wrpmedicalimageio.pdb
y:\phd-research\code\20.07.217\wrpmedicalimageio\x64\debug\app.res
y:\phd-research\code\20.07.217\build\x64\debug\wrpmedicalimageio.lib
y:\phd-research\code\20.07.217\build\x64\debug\wrpmedicalimageio.exp
y:\phd-research\code\brats\20.07.217\build\x64\debug\wrpmedicalimageio.lib
y:\phd-research\code\brats\20.07.217\build\x64\debug\wrpmedicalimageio.exp
y:\phd-research\code\brats\20.07.217\wrpmedicalimageio\x64\debug\wrpmedicalimageio.vcxprojresolveassemblyreference.cache
y:\phd-research\code\brats\20.07.217\wrpmedicalimageio\x64\debug\app.res
y:\phd-research\code\brats\20.07.217\wrpmedicalimageio\x64\debug\wrpmedic.0d8fd9ac.tlog\cl.command.1.tlog
y:\phd-research\code\brats\20.07.217\wrpmedicalimageio\x64\debug\wrpmedic.0d8fd9ac.tlog\cl.read.1.tlog
y:\phd-research\code\brats\20.07.217\wrpmedicalimageio\x64\debug\wrpmedic.0d8fd9ac.tlog\cl.write.1.tlog
y:\phd-research\code\brats\20.07.217\wrpmedicalimageio\x64\debug\wrpmedic.0d8fd9ac.tlog\link.command.1.tlog
y:\phd-research\code\brats\20.07.217\wrpmedicalimageio\x64\debug\wrpmedic.0d8fd9ac.tlog\link.read.1.tlog
y:\phd-research\code\brats\20.07.217\wrpmedicalimageio\x64\debug\wrpmedic.0d8fd9ac.tlog\link.write.1.tlog
y:\phd-research\code\brats\20.07.217\wrpmedicalimageio\x64\debug\wrpmedic.0d8fd9ac.tlog\metagen.read.1.tlog
y:\phd-research\code\brats\20.07.217\wrpmedicalimageio\x64\debug\wrpmedic.0d8fd9ac.tlog\metagen.write.1.tlog
y:\phd-research\code\brats\20.07.217\wrpmedicalimageio\x64\debug\wrpmedic.0d8fd9ac.tlog\rc.command.1.tlog
y:\phd-research\code\brats\20.07.217\wrpmedicalimageio\x64\debug\wrpmedic.0d8fd9ac.tlog\rc.read.1.tlog
y:\phd-research\code\brats\20.07.217\wrpmedicalimageio\x64\debug\wrpmedic.0d8fd9ac.tlog\rc.write.1.tlog
y:\phd-research\code\brats\20.07.217\wrpmedicalimageio\x64\debug\wrpmedic.0d8fd9ac.tlog\wrpmedicalimageio.write.1u.tlog
y:\phd-research\code\brats\20.07.217\wrpmedicalimageio\x64\debug\wrpmedic.0d8fd9ac.tlog\rsaenh.dll.bi
y:\phd-research\code\brats\20.07.217\wrpmedicalimageio\x64\debug\wrpmedic.0d8fd9ac.tlog\tzres.dll.bi
